[05-Nov-2025 17:43:27 America/Bogota] Error de conexión: SQLSTATE[HY000] [1045] Access denied for user 'root'@'localhost' (using password: NO)
[05-Nov-2025 17:46:47 America/Bogota] Error de conexión: SQLSTATE[HY000] [1045] Access denied for user 'root'@'localhost' (using password: NO)
[05-Nov-2025 18:15:12 America/Bogota] Error de conexión: SQLSTATE[HY000] [1045] Access denied for user 'root'@'localhost' (using password: NO)
[05-Nov-2025 18:57:46 America/Bogota] ✓ Conexión exitosa a MySQL
[05-Nov-2025 18:58:12 America/Bogota] ✓ Conexión exitosa a MySQL
[05-Nov-2025 22:48:18 America/Bogota] ✓ Conexión exitosa a MySQL
[05-Nov-2025 22:50:58 America/Bogota] ✓ Conexión exitosa a MySQL
[05-Nov-2025 22:51:42 America/Bogota] ✓ Conexión exitosa a MySQL
[05-Nov-2025 22:52:00 America/Bogota] ✓ Conexión exitosa a MySQL
[05-Nov-2025 22:52:11 America/Bogota] ✓ Conexión exitosa a MySQL
[05-Nov-2025 22:58:38 America/Bogota] ✓ Conexión exitosa a MySQL
[05-Nov-2025 22:58:55 America/Bogota] ✓ Conexión exitosa a MySQL
[05-Nov-2025 22:58:57 America/Bogota] ✓ Conexión exitosa a MySQL
[05-Nov-2025 22:58:58 America/Bogota] ✓ Conexión exitosa a MySQL
[05-Nov-2025 22:59:02 America/Bogota] ✓ Conexión exitosa a MySQL
[05-Nov-2025 22:59:05 America/Bogota] ✓ Conexión exitosa a MySQL
[05-Nov-2025 22:59:06 America/Bogota] ✓ Conexión exitosa a MySQL
[05-Nov-2025 22:59:12 America/Bogota] ✓ Conexión exitosa a MySQL
[05-Nov-2025 22:59:22 America/Bogota] ✓ Conexión exitosa a MySQL
[05-Nov-2025 22:59:27 America/Bogota] ✓ Conexión exitosa a MySQL
[05-Nov-2025 22:59:27 America/Bogota] ✓ Conexión exitosa a MySQL
[05-Nov-2025 22:59:27 America/Bogota] ✓ Conexión exitosa a MySQL
[05-Nov-2025 22:59:27 America/Bogota] ✓ Conexión exitosa a MySQL
[05-Nov-2025 22:59:45 America/Bogota] ✓ Conexión exitosa a MySQL
[05-Nov-2025 22:59:50 America/Bogota] ✓ Conexión exitosa a MySQL
[05-Nov-2025 22:59:51 America/Bogota] ✓ Conexión exitosa a MySQL
[05-Nov-2025 22:59:52 America/Bogota] ✓ Conexión exitosa a MySQL
[05-Nov-2025 22:59:52 America/Bogota] ✓ Conexión exitosa a MySQL
[05-Nov-2025 22:59:52 America/Bogota] ✓ Conexión exitosa a MySQL
[05-Nov-2025 22:59:52 America/Bogota] ✓ Conexión exitosa a MySQL
[05-Nov-2025 23:00:00 America/Bogota] ✓ Conexión exitosa a MySQL
[05-Nov-2025 23:12:51 America/Bogota] ✓ Conexión exitosa a MySQL
[05-Nov-2025 23:12:53 America/Bogota] ✓ Conexión exitosa a MySQL
[05-Nov-2025 23:12:53 America/Bogota] ✓ Conexión exitosa a MySQL
[05-Nov-2025 23:13:38 America/Bogota] ✓ Conexión exitosa a MySQL
[05-Nov-2025 23:13:40 America/Bogota] ✓ Conexión exitosa a MySQL
[05-Nov-2025 23:13:40 America/Bogota] ✓ Conexión exitosa a MySQL
[05-Nov-2025 23:13:46 America/Bogota] ✓ Conexión exitosa a MySQL
[05-Nov-2025 23:13:48 America/Bogota] ✓ Conexión exitosa a MySQL
[05-Nov-2025 23:13:48 America/Bogota] ✓ Conexión exitosa a MySQL
[05-Nov-2025 23:13:51 America/Bogota] ✓ Conexión exitosa a MySQL
[05-Nov-2025 23:13:51 America/Bogota] ✓ Conexión exitosa a MySQL
[05-Nov-2025 23:13:52 America/Bogota] ✓ Conexión exitosa a MySQL
[05-Nov-2025 23:13:53 America/Bogota] ✓ Conexión exitosa a MySQL
[05-Nov-2025 23:13:57 America/Bogota] ✓ Conexión exitosa a MySQL
[05-Nov-2025 23:13:59 America/Bogota] ✓ Conexión exitosa a MySQL
[05-Nov-2025 23:13:59 America/Bogota] ✓ Conexión exitosa a MySQL
[05-Nov-2025 23:14:00 America/Bogota] ✓ Conexión exitosa a MySQL
[05-Nov-2025 23:14:02 America/Bogota] ✓ Conexión exitosa a MySQL
[05-Nov-2025 23:14:02 America/Bogota] ✓ Conexión exitosa a MySQL
[05-Nov-2025 23:17:25 America/Bogota] ✓ Conexión exitosa a MySQL
[05-Nov-2025 23:17:34 America/Bogota] ✓ Conexión exitosa a MySQL
[05-Nov-2025 23:19:58 America/Bogota] ✓ Conexión exitosa a MySQL
[05-Nov-2025 23:20:00 America/Bogota] ✓ Conexión exitosa a MySQL
[05-Nov-2025 23:20:00 America/Bogota] ✓ Conexión exitosa a MySQL
[05-Nov-2025 23:20:05 America/Bogota] ✓ Conexión exitosa a MySQL
[05-Nov-2025 23:20:05 America/Bogota] ✓ Conexión exitosa a MySQL
[05-Nov-2025 23:20:05 America/Bogota] ✓ Conexión exitosa a MySQL
[05-Nov-2025 23:20:05 America/Bogota] ✓ Conexión exitosa a MySQL
[05-Nov-2025 23:20:14 America/Bogota] ✓ Conexión exitosa a MySQL
[05-Nov-2025 23:20:50 America/Bogota] ✓ Conexión exitosa a MySQL
[05-Nov-2025 23:20:50 America/Bogota] ✓ Conexión exitosa a MySQL
[05-Nov-2025 23:20:52 America/Bogota] ✓ Conexión exitosa a MySQL
[05-Nov-2025 23:20:52 America/Bogota] ✓ Conexión exitosa a MySQL
[05-Nov-2025 23:23:12 America/Bogota] ✓ Conexión exitosa a MySQL
[05-Nov-2025 23:23:14 America/Bogota] ✓ Conexión exitosa a MySQL
[05-Nov-2025 23:23:14 America/Bogota] ✓ Conexión exitosa a MySQL
[05-Nov-2025 23:23:18 America/Bogota] ✓ Conexión exitosa a MySQL
[05-Nov-2025 23:23:20 America/Bogota] ✓ Conexión exitosa a MySQL
[05-Nov-2025 23:23:20 America/Bogota] ✓ Conexión exitosa a MySQL
[05-Nov-2025 23:23:26 America/Bogota] ✓ Conexión exitosa a MySQL
[05-Nov-2025 23:23:28 America/Bogota] ✓ Conexión exitosa a MySQL
[05-Nov-2025 23:23:28 America/Bogota] ✓ Conexión exitosa a MySQL
[05-Nov-2025 23:23:34 America/Bogota] ✓ Conexión exitosa a MySQL
[05-Nov-2025 23:23:34 America/Bogota] ✓ Conexión exitosa a MySQL
[05-Nov-2025 23:23:35 America/Bogota] ✓ Conexión exitosa a MySQL
[05-Nov-2025 23:23:35 America/Bogota] ✓ Conexión exitosa a MySQL
[05-Nov-2025 23:26:16 America/Bogota] ✓ Conexión exitosa a MySQL
[05-Nov-2025 23:26:17 America/Bogota] ✓ Conexión exitosa a MySQL
[05-Nov-2025 23:26:17 America/Bogota] ✓ Conexión exitosa a MySQL
[05-Nov-2025 23:26:22 America/Bogota] ✓ Conexión exitosa a MySQL
[05-Nov-2025 23:26:22 America/Bogota] ✓ Conexión exitosa a MySQL
[05-Nov-2025 23:26:23 America/Bogota] ✓ Conexión exitosa a MySQL
[05-Nov-2025 23:26:24 America/Bogota] ✓ Conexión exitosa a MySQL
[05-Nov-2025 23:26:33 America/Bogota] ✓ Conexión exitosa a MySQL
[05-Nov-2025 23:26:33 America/Bogota] ✓ Conexión exitosa a MySQL
[05-Nov-2025 23:26:35 America/Bogota] ✓ Conexión exitosa a MySQL
[05-Nov-2025 23:26:35 America/Bogota] ✓ Conexión exitosa a MySQL
[05-Nov-2025 23:26:35 America/Bogota] ✓ Conexión exitosa a MySQL
[05-Nov-2025 23:26:35 America/Bogota] ✓ Conexión exitosa a MySQL
[05-Nov-2025 23:26:35 America/Bogota] ✓ Conexión exitosa a MySQL
[05-Nov-2025 23:28:36 America/Bogota] ✓ Conexión exitosa a MySQL
[05-Nov-2025 23:28:38 America/Bogota] ✓ Conexión exitosa a MySQL
[05-Nov-2025 23:28:38 America/Bogota] ✓ Conexión exitosa a MySQL
[05-Nov-2025 23:28:38 America/Bogota] ✓ Conexión exitosa a MySQL
[05-Nov-2025 23:28:38 America/Bogota] ✓ Conexión exitosa a MySQL
[05-Nov-2025 23:28:42 America/Bogota] ✓ Conexión exitosa a MySQL
[05-Nov-2025 23:28:42 America/Bogota] ✓ Conexión exitosa a MySQL
[05-Nov-2025 23:28:42 America/Bogota] ✓ Conexión exitosa a MySQL
[05-Nov-2025 23:28:42 America/Bogota] ✓ Conexión exitosa a MySQL
[05-Nov-2025 23:28:58 America/Bogota] ✓ Conexión exitosa a MySQL
[05-Nov-2025 23:28:59 America/Bogota] ✓ Conexión exitosa a MySQL
[05-Nov-2025 23:28:59 America/Bogota] ✓ Conexión exitosa a MySQL
[05-Nov-2025 23:29:03 America/Bogota] ✓ Conexión exitosa a MySQL
[05-Nov-2025 23:29:03 America/Bogota] ✓ Conexión exitosa a MySQL
[05-Nov-2025 23:29:05 America/Bogota] ✓ Conexión exitosa a MySQL
[05-Nov-2025 23:29:05 America/Bogota] ✓ Conexión exitosa a MySQL
[05-Nov-2025 23:29:05 America/Bogota] ✓ Conexión exitosa a MySQL
[05-Nov-2025 23:29:05 America/Bogota] ✓ Conexión exitosa a MySQL
[05-Nov-2025 23:29:05 America/Bogota] ✓ Conexión exitosa a MySQL
[05-Nov-2025 23:29:17 America/Bogota] ✓ Conexión exitosa a MySQL
[05-Nov-2025 23:29:17 America/Bogota] PHP Fatal error:  Uncaught PDOException: SQLSTATE[HY000]: General error: 2014 Cannot execute queries while there are pending result sets. Consider unsetting the previous PDOStatement or calling PDOStatement::closeCursor() in C:\xampp\htdocs\gestion3d\api\config.php:267
Stack trace:
#0 C:\xampp\htdocs\gestion3d\api\config.php(267): PDO->rollBack()
#1 C:\xampp\htdocs\gestion3d\api\api_inventario.php(157): BaseModel->rollback()
#2 C:\xampp\htdocs\gestion3d\api\api_inventario.php(353): InventarioCarretes->registrarUso('1762401537_9163...', 39, '')
#3 {main}
  thrown in C:\xampp\htdocs\gestion3d\api\config.php on line 267
[05-Nov-2025 23:29:27 America/Bogota] ✓ Conexión exitosa a MySQL
[05-Nov-2025 23:29:27 America/Bogota] PHP Fatal error:  Uncaught PDOException: SQLSTATE[HY000]: General error: 2014 Cannot execute queries while there are pending result sets. Consider unsetting the previous PDOStatement or calling PDOStatement::closeCursor() in C:\xampp\htdocs\gestion3d\api\config.php:267
Stack trace:
#0 C:\xampp\htdocs\gestion3d\api\config.php(267): PDO->rollBack()
#1 C:\xampp\htdocs\gestion3d\api\api_inventario.php(157): BaseModel->rollback()
#2 C:\xampp\htdocs\gestion3d\api\api_inventario.php(353): InventarioCarretes->registrarUso('1762401537_9163...', 39, '')
#3 {main}
  thrown in C:\xampp\htdocs\gestion3d\api\config.php on line 267
[05-Nov-2025 23:29:32 America/Bogota] ✓ Conexión exitosa a MySQL
[05-Nov-2025 23:29:32 America/Bogota] ✓ Conexión exitosa a MySQL
[05-Nov-2025 23:29:34 America/Bogota] ✓ Conexión exitosa a MySQL
[05-Nov-2025 23:29:34 America/Bogota] ✓ Conexión exitosa a MySQL
[05-Nov-2025 23:29:34 America/Bogota] ✓ Conexión exitosa a MySQL
[05-Nov-2025 23:29:34 America/Bogota] ✓ Conexión exitosa a MySQL
[05-Nov-2025 23:29:34 America/Bogota] ✓ Conexión exitosa a MySQL
[05-Nov-2025 23:29:47 America/Bogota] ✓ Conexión exitosa a MySQL
[05-Nov-2025 23:29:47 America/Bogota] PHP Fatal error:  Uncaught PDOException: SQLSTATE[HY000]: General error: 2014 Cannot execute queries while there are pending result sets. Consider unsetting the previous PDOStatement or calling PDOStatement::closeCursor() in C:\xampp\htdocs\gestion3d\api\config.php:267
Stack trace:
#0 C:\xampp\htdocs\gestion3d\api\config.php(267): PDO->rollBack()
#1 C:\xampp\htdocs\gestion3d\api\api_inventario.php(157): BaseModel->rollback()
#2 C:\xampp\htdocs\gestion3d\api\api_inventario.php(353): InventarioCarretes->registrarUso('1762401537_9163...', 39, '')
#3 {main}
  thrown in C:\xampp\htdocs\gestion3d\api\config.php on line 267
[05-Nov-2025 23:30:58 America/Bogota] ✓ Conexión exitosa a MySQL
[05-Nov-2025 23:32:13 America/Bogota] ✓ Conexión exitosa a MySQL
[05-Nov-2025 23:32:13 America/Bogota] ✓ Conexión exitosa a MySQL
[05-Nov-2025 23:32:15 America/Bogota] ✓ Conexión exitosa a MySQL
[05-Nov-2025 23:32:15 America/Bogota] ✓ Conexión exitosa a MySQL
[05-Nov-2025 23:32:15 America/Bogota] ✓ Conexión exitosa a MySQL
[05-Nov-2025 23:32:15 America/Bogota] ✓ Conexión exitosa a MySQL
[05-Nov-2025 23:32:15 America/Bogota] ✓ Conexión exitosa a MySQL
[05-Nov-2025 23:32:17 America/Bogota] ✓ Conexión exitosa a MySQL
[05-Nov-2025 23:32:17 America/Bogota] ✓ Conexión exitosa a MySQL
[05-Nov-2025 23:32:19 America/Bogota] ✓ Conexión exitosa a MySQL
[05-Nov-2025 23:32:19 America/Bogota] ✓ Conexión exitosa a MySQL
[05-Nov-2025 23:32:19 America/Bogota] ✓ Conexión exitosa a MySQL
[05-Nov-2025 23:32:19 America/Bogota] ✓ Conexión exitosa a MySQL
[05-Nov-2025 23:32:19 America/Bogota] ✓ Conexión exitosa a MySQL
[05-Nov-2025 23:32:22 America/Bogota] ✓ Conexión exitosa a MySQL
[05-Nov-2025 23:32:22 America/Bogota] ✓ Conexión exitosa a MySQL
[05-Nov-2025 23:32:22 America/Bogota] ✓ Conexión exitosa a MySQL
[05-Nov-2025 23:32:22 America/Bogota] ✓ Conexión exitosa a MySQL
[05-Nov-2025 23:32:23 America/Bogota] ✓ Conexión exitosa a MySQL
[05-Nov-2025 23:33:19 America/Bogota] ✓ Conexión exitosa a MySQL
[05-Nov-2025 23:33:19 America/Bogota] ✓ Conexión exitosa a MySQL
[05-Nov-2025 23:33:19 America/Bogota] ✓ Conexión exitosa a MySQL
[05-Nov-2025 23:33:19 America/Bogota] ✓ Conexión exitosa a MySQL
[05-Nov-2025 23:33:19 America/Bogota] ✓ Conexión exitosa a MySQL
[05-Nov-2025 23:33:29 America/Bogota] ✓ Conexión exitosa a MySQL
[05-Nov-2025 23:33:29 America/Bogota] ✓ Conexión exitosa a MySQL
[05-Nov-2025 23:33:29 America/Bogota] ✓ Conexión exitosa a MySQL
[05-Nov-2025 23:33:29 America/Bogota] ✓ Conexión exitosa a MySQL
[05-Nov-2025 23:33:29 America/Bogota] ✓ Conexión exitosa a MySQL
[05-Nov-2025 23:34:03 America/Bogota] ✓ Conexión exitosa a MySQL
[05-Nov-2025 23:34:03 America/Bogota] ✓ Conexión exitosa a MySQL
[05-Nov-2025 23:34:03 America/Bogota] ✓ Conexión exitosa a MySQL
[05-Nov-2025 23:34:03 America/Bogota] ✓ Conexión exitosa a MySQL
[05-Nov-2025 23:34:03 America/Bogota] ✓ Conexión exitosa a MySQL
[05-Nov-2025 23:35:02 America/Bogota] ✓ Conexión exitosa a MySQL
[05-Nov-2025 23:35:04 America/Bogota] ✓ Conexión exitosa a MySQL
[05-Nov-2025 23:35:04 America/Bogota] ✓ Conexión exitosa a MySQL
[05-Nov-2025 23:35:06 America/Bogota] ✓ Conexión exitosa a MySQL
[05-Nov-2025 23:35:08 America/Bogota] ✓ Conexión exitosa a MySQL
[05-Nov-2025 23:35:08 America/Bogota] ✓ Conexión exitosa a MySQL
[05-Nov-2025 23:35:13 America/Bogota] ✓ Conexión exitosa a MySQL
[05-Nov-2025 23:39:43 America/Bogota] ✓ Conexión exitosa a MySQL
[05-Nov-2025 23:39:44 America/Bogota] ✓ Conexión exitosa a MySQL
[05-Nov-2025 23:39:44 America/Bogota] ✓ Conexión exitosa a MySQL
[05-Nov-2025 23:39:46 America/Bogota] ✓ Conexión exitosa a MySQL
[05-Nov-2025 23:39:48 America/Bogota] ✓ Conexión exitosa a MySQL
[05-Nov-2025 23:39:48 America/Bogota] ✓ Conexión exitosa a MySQL
[05-Nov-2025 23:40:08 America/Bogota] ✓ Conexión exitosa a MySQL
[05-Nov-2025 23:40:48 America/Bogota] ✓ Conexión exitosa a MySQL
[05-Nov-2025 23:43:17 America/Bogota] ✓ Conexión exitosa a MySQL
[05-Nov-2025 23:43:19 America/Bogota] ✓ Conexión exitosa a MySQL
[05-Nov-2025 23:43:19 America/Bogota] ✓ Conexión exitosa a MySQL
[05-Nov-2025 23:43:49 America/Bogota] ✓ Conexión exitosa a MySQL
[06-Nov-2025 08:52:40 America/Bogota] ✓ Conexión exitosa a MySQL
[06-Nov-2025 08:52:53 America/Bogota] ✓ Conexión exitosa a MySQL
[06-Nov-2025 08:53:04 America/Bogota] ✓ Conexión exitosa a MySQL
[06-Nov-2025 08:53:05 America/Bogota] ✓ Conexión exitosa a MySQL
[06-Nov-2025 08:53:05 America/Bogota] ✓ Conexión exitosa a MySQL
[06-Nov-2025 08:53:09 America/Bogota] ✓ Conexión exitosa a MySQL
[06-Nov-2025 08:53:09 America/Bogota] ✓ Conexión exitosa a MySQL
[06-Nov-2025 08:53:09 America/Bogota] ✓ Conexión exitosa a MySQL
[06-Nov-2025 08:53:50 America/Bogota] ✓ Conexión exitosa a MySQL
[06-Nov-2025 08:53:51 America/Bogota] ✓ Conexión exitosa a MySQL
[06-Nov-2025 08:53:51 America/Bogota] ✓ Conexión exitosa a MySQL
[06-Nov-2025 08:54:24 America/Bogota] ✓ Conexión exitosa a MySQL
[06-Nov-2025 08:57:21 America/Bogota] ✓ Conexión exitosa a MySQL
[06-Nov-2025 08:57:21 America/Bogota] ✓ Conexión exitosa a MySQL
[06-Nov-2025 08:57:22 America/Bogota] ✓ Conexión exitosa a MySQL
[06-Nov-2025 08:57:22 America/Bogota] ✓ Conexión exitosa a MySQL
[06-Nov-2025 08:57:22 America/Bogota] ✓ Conexión exitosa a MySQL
[06-Nov-2025 08:57:22 America/Bogota] ✓ Conexión exitosa a MySQL
[06-Nov-2025 08:57:22 America/Bogota] ✓ Conexión exitosa a MySQL
[06-Nov-2025 09:25:08 America/Bogota] ✓ Conexión exitosa a MySQL
[06-Nov-2025 09:25:10 America/Bogota] ✓ Conexión exitosa a MySQL
[06-Nov-2025 09:25:10 America/Bogota] ✓ Conexión exitosa a MySQL
[06-Nov-2025 09:25:13 America/Bogota] ✓ Conexión exitosa a MySQL
[06-Nov-2025 09:25:13 America/Bogota] ✓ Conexión exitosa a MySQL
[06-Nov-2025 09:25:13 America/Bogota] ✓ Conexión exitosa a MySQL
[06-Nov-2025 09:25:16 America/Bogota] ✓ Conexión exitosa a MySQL
[06-Nov-2025 09:25:16 America/Bogota] ✓ Conexión exitosa a MySQL
[06-Nov-2025 09:25:16 America/Bogota] ✓ Conexión exitosa a MySQL
[06-Nov-2025 09:25:16 America/Bogota] ✓ Conexión exitosa a MySQL
[06-Nov-2025 09:25:16 America/Bogota] ✓ Conexión exitosa a MySQL
[06-Nov-2025 09:25:42 America/Bogota] ✓ Conexión exitosa a MySQL
[06-Nov-2025 09:25:52 America/Bogota] ✓ Conexión exitosa a MySQL
[06-Nov-2025 09:25:52 America/Bogota] ✓ Conexión exitosa a MySQL
[06-Nov-2025 09:25:52 America/Bogota] ✓ Conexión exitosa a MySQL
[06-Nov-2025 09:25:52 America/Bogota] ✓ Conexión exitosa a MySQL
[06-Nov-2025 09:25:54 America/Bogota] ✓ Conexión exitosa a MySQL
[06-Nov-2025 09:34:23 America/Bogota] ✓ Conexión exitosa a MySQL
[06-Nov-2025 09:34:25 America/Bogota] ✓ Conexión exitosa a MySQL
[06-Nov-2025 09:34:25 America/Bogota] ✓ Conexión exitosa a MySQL
[06-Nov-2025 09:34:28 America/Bogota] ✓ Conexión exitosa a MySQL
[06-Nov-2025 09:34:28 America/Bogota] ✓ Conexión exitosa a MySQL
[06-Nov-2025 09:34:30 America/Bogota] ✓ Conexión exitosa a MySQL
[06-Nov-2025 09:34:30 America/Bogota] ✓ Conexión exitosa a MySQL
[06-Nov-2025 09:34:30 America/Bogota] ✓ Conexión exitosa a MySQL
[06-Nov-2025 09:35:37 America/Bogota] ✓ Conexión exitosa a MySQL
[06-Nov-2025 09:36:01 America/Bogota] ✓ Conexión exitosa a MySQL
[06-Nov-2025 09:36:26 America/Bogota] ✓ Conexión exitosa a MySQL
[06-Nov-2025 09:36:26 America/Bogota] ✓ Conexión exitosa a MySQL
[06-Nov-2025 09:36:27 America/Bogota] ✓ Conexión exitosa a MySQL
[06-Nov-2025 09:36:27 America/Bogota] ✓ Conexión exitosa a MySQL
[06-Nov-2025 09:36:27 America/Bogota] ✓ Conexión exitosa a MySQL
[06-Nov-2025 09:37:06 America/Bogota] ✓ Conexión exitosa a MySQL
[06-Nov-2025 11:48:46 America/Bogota] ✓ Conexión exitosa a MySQL
[06-Nov-2025 11:48:48 America/Bogota] ✓ Conexión exitosa a MySQL
[06-Nov-2025 11:48:48 America/Bogota] ✓ Conexión exitosa a MySQL
[06-Nov-2025 11:48:55 America/Bogota] ✓ Conexión exitosa a MySQL
[06-Nov-2025 11:48:55 America/Bogota] ✓ Conexión exitosa a MySQL
[06-Nov-2025 11:48:57 America/Bogota] ✓ Conexión exitosa a MySQL
[06-Nov-2025 11:48:57 America/Bogota] ✓ Conexión exitosa a MySQL
[06-Nov-2025 11:48:57 America/Bogota] ✓ Conexión exitosa a MySQL
[06-Nov-2025 11:49:40 America/Bogota] ✓ Conexión exitosa a MySQL
[06-Nov-2025 11:50:05 America/Bogota] ✓ Conexión exitosa a MySQL
[06-Nov-2025 12:06:25 America/Bogota] ✓ Conexión exitosa a MySQL
[06-Nov-2025 12:06:27 America/Bogota] ✓ Conexión exitosa a MySQL
[06-Nov-2025 12:06:27 America/Bogota] ✓ Conexión exitosa a MySQL
[06-Nov-2025 12:06:30 America/Bogota] ✓ Conexión exitosa a MySQL
[06-Nov-2025 12:06:30 America/Bogota] ✓ Conexión exitosa a MySQL
[06-Nov-2025 12:06:30 America/Bogota] ✓ Conexión exitosa a MySQL
[06-Nov-2025 12:06:30 America/Bogota] ✓ Conexión exitosa a MySQL
[06-Nov-2025 12:06:30 America/Bogota] ✓ Conexión exitosa a MySQL
[06-Nov-2025 12:06:33 America/Bogota] ✓ Conexión exitosa a MySQL
[06-Nov-2025 12:06:33 America/Bogota] ✓ Conexión exitosa a MySQL
[06-Nov-2025 12:06:34 America/Bogota] ✓ Conexión exitosa a MySQL
[06-Nov-2025 12:06:34 America/Bogota] ✓ Conexión exitosa a MySQL
[06-Nov-2025 12:06:34 America/Bogota] ✓ Conexión exitosa a MySQL
[06-Nov-2025 12:08:16 America/Bogota] ✓ Conexión exitosa a MySQL
[06-Nov-2025 12:08:23 America/Bogota] ✓ Conexión exitosa a MySQL
[06-Nov-2025 12:08:23 America/Bogota] ✓ Conexión exitosa a MySQL
[06-Nov-2025 12:08:23 America/Bogota] ✓ Conexión exitosa a MySQL
[06-Nov-2025 12:08:23 America/Bogota] ✓ Conexión exitosa a MySQL
[06-Nov-2025 12:08:23 America/Bogota] ✓ Conexión exitosa a MySQL
[06-Nov-2025 12:09:06 America/Bogota] ✓ Conexión exitosa a MySQL
[06-Nov-2025 12:09:07 America/Bogota] ✓ Conexión exitosa a MySQL
[06-Nov-2025 12:09:07 America/Bogota] ✓ Conexión exitosa a MySQL
[06-Nov-2025 12:09:09 America/Bogota] ✓ Conexión exitosa a MySQL
[06-Nov-2025 12:09:09 America/Bogota] ✓ Conexión exitosa a MySQL
[06-Nov-2025 12:09:09 America/Bogota] ✓ Conexión exitosa a MySQL
[06-Nov-2025 12:09:09 America/Bogota] ✓ Conexión exitosa a MySQL
[06-Nov-2025 12:09:09 America/Bogota] ✓ Conexión exitosa a MySQL
[06-Nov-2025 12:09:24 America/Bogota] ✓ Conexión exitosa a MySQL
[06-Nov-2025 12:10:29 America/Bogota] ✓ Conexión exitosa a MySQL
[06-Nov-2025 12:13:31 America/Bogota] ✓ Conexión exitosa a MySQL
[06-Nov-2025 12:13:31 America/Bogota] ✓ Conexión exitosa a MySQL
[06-Nov-2025 12:13:33 America/Bogota] ✓ Conexión exitosa a MySQL
[06-Nov-2025 12:13:33 America/Bogota] ✓ Conexión exitosa a MySQL
[06-Nov-2025 12:13:33 America/Bogota] ✓ Conexión exitosa a MySQL
[06-Nov-2025 12:13:44 America/Bogota] ✓ Conexión exitosa a MySQL
[06-Nov-2025 12:14:04 America/Bogota] ✓ Conexión exitosa a MySQL
[06-Nov-2025 12:15:10 America/Bogota] ✓ Conexión exitosa a MySQL
[06-Nov-2025 12:15:10 America/Bogota] ✓ Conexión exitosa a MySQL
[06-Nov-2025 12:15:12 America/Bogota] ✓ Conexión exitosa a MySQL
[06-Nov-2025 12:15:12 America/Bogota] ✓ Conexión exitosa a MySQL
[06-Nov-2025 12:15:13 America/Bogota] ✓ Conexión exitosa a MySQL
[06-Nov-2025 12:15:42 America/Bogota] ✓ Conexión exitosa a MySQL
[06-Nov-2025 12:15:53 America/Bogota] ✓ Conexión exitosa a MySQL
[06-Nov-2025 12:26:00 America/Bogota] ✓ Conexión exitosa a MySQL
[06-Nov-2025 12:26:00 America/Bogota] ✓ Conexión exitosa a MySQL
[06-Nov-2025 12:26:02 America/Bogota] ✓ Conexión exitosa a MySQL
[06-Nov-2025 12:26:02 America/Bogota] ✓ Conexión exitosa a MySQL
[06-Nov-2025 12:26:02 America/Bogota] ✓ Conexión exitosa a MySQL
[10-Nov-2025 09:10:27 America/Bogota] ✓ Conexión exitosa a MySQL
[10-Nov-2025 09:10:29 America/Bogota] ✓ Conexión exitosa a MySQL
[10-Nov-2025 09:10:29 America/Bogota] ✓ Conexión exitosa a MySQL
[10-Nov-2025 09:10:36 America/Bogota] ✓ Conexión exitosa a MySQL
[10-Nov-2025 09:10:36 America/Bogota] ✓ Conexión exitosa a MySQL
[10-Nov-2025 09:10:37 America/Bogota] ✓ Conexión exitosa a MySQL
[10-Nov-2025 09:10:37 America/Bogota] ✓ Conexión exitosa a MySQL
[10-Nov-2025 09:10:37 America/Bogota] ✓ Conexión exitosa a MySQL
[10-Nov-2025 09:10:37 America/Bogota] ✓ Conexión exitosa a MySQL
[10-Nov-2025 09:10:37 America/Bogota] ✓ Conexión exitosa a MySQL
[10-Nov-2025 09:10:51 America/Bogota] ✓ Conexión exitosa a MySQL
[10-Nov-2025 09:10:51 America/Bogota] ✓ Conexión exitosa a MySQL
[10-Nov-2025 09:10:51 America/Bogota] ✓ Conexión exitosa a MySQL
[10-Nov-2025 09:10:53 America/Bogota] ✓ Conexión exitosa a MySQL
[10-Nov-2025 09:10:53 America/Bogota] ✓ Conexión exitosa a MySQL
[10-Nov-2025 09:10:54 America/Bogota] ✓ Conexión exitosa a MySQL
[10-Nov-2025 09:10:54 America/Bogota] ✓ Conexión exitosa a MySQL
[10-Nov-2025 09:10:54 America/Bogota] ✓ Conexión exitosa a MySQL
[10-Nov-2025 09:22:12 America/Bogota] ✓ Conexión exitosa a MySQL
[10-Nov-2025 09:22:12 America/Bogota] ✓ Conexión exitosa a MySQL
[10-Nov-2025 09:22:14 America/Bogota] ✓ Conexión exitosa a MySQL
[10-Nov-2025 09:22:14 America/Bogota] ✓ Conexión exitosa a MySQL
[10-Nov-2025 09:22:14 America/Bogota] ✓ Conexión exitosa a MySQL
[10-Nov-2025 09:23:22 America/Bogota] ✓ Conexión exitosa a MySQL
[10-Nov-2025 09:23:24 America/Bogota] ✓ Conexión exitosa a MySQL
[10-Nov-2025 09:23:24 America/Bogota] ✓ Conexión exitosa a MySQL
[10-Nov-2025 09:23:27 America/Bogota] ✓ Conexión exitosa a MySQL
[10-Nov-2025 09:23:27 America/Bogota] ✓ Conexión exitosa a MySQL
[10-Nov-2025 09:23:28 America/Bogota] ✓ Conexión exitosa a MySQL
[10-Nov-2025 09:23:28 America/Bogota] ✓ Conexión exitosa a MySQL
[10-Nov-2025 09:23:28 America/Bogota] ✓ Conexión exitosa a MySQL
[10-Nov-2025 09:23:28 America/Bogota] ✓ Conexión exitosa a MySQL
[10-Nov-2025 09:23:28 America/Bogota] ✓ Conexión exitosa a MySQL
[10-Nov-2025 09:27:22 America/Bogota] ✓ Conexión exitosa a MySQL
[10-Nov-2025 09:27:24 America/Bogota] ✓ Conexión exitosa a MySQL
[10-Nov-2025 09:27:24 America/Bogota] ✓ Conexión exitosa a MySQL
[10-Nov-2025 09:27:27 America/Bogota] ✓ Conexión exitosa a MySQL
[10-Nov-2025 09:27:27 America/Bogota] ✓ Conexión exitosa a MySQL
[10-Nov-2025 09:27:27 America/Bogota] ✓ Conexión exitosa a MySQL
[10-Nov-2025 09:27:49 America/Bogota] ✓ Conexión exitosa a MySQL
[10-Nov-2025 09:27:49 America/Bogota] ✓ Conexión exitosa a MySQL
[10-Nov-2025 09:27:49 America/Bogota] ✓ Conexión exitosa a MySQL
[10-Nov-2025 09:27:52 America/Bogota] ✓ Conexión exitosa a MySQL
[10-Nov-2025 09:27:52 America/Bogota] ✓ Conexión exitosa a MySQL
[10-Nov-2025 09:27:53 America/Bogota] ✓ Conexión exitosa a MySQL
[10-Nov-2025 09:27:53 America/Bogota] ✓ Conexión exitosa a MySQL
[10-Nov-2025 09:27:53 America/Bogota] ✓ Conexión exitosa a MySQL
[10-Nov-2025 09:27:56 America/Bogota] ✓ Conexión exitosa a MySQL
[10-Nov-2025 09:27:56 America/Bogota] ✓ Conexión exitosa a MySQL
[10-Nov-2025 09:27:56 America/Bogota] ✓ Conexión exitosa a MySQL
[10-Nov-2025 09:27:56 America/Bogota] ✓ Conexión exitosa a MySQL
[10-Nov-2025 09:27:56 America/Bogota] ✓ Conexión exitosa a MySQL
[10-Nov-2025 09:36:00 America/Bogota] ✓ Conexión exitosa a MySQL
[10-Nov-2025 09:36:00 America/Bogota] ✓ Conexión exitosa a MySQL
[10-Nov-2025 09:36:02 America/Bogota] ✓ Conexión exitosa a MySQL
[10-Nov-2025 09:36:02 America/Bogota] ✓ Conexión exitosa a MySQL
[10-Nov-2025 09:36:02 America/Bogota] ✓ Conexión exitosa a MySQL
[10-Nov-2025 09:36:11 America/Bogota] ✓ Conexión exitosa a MySQL
[10-Nov-2025 09:37:58 America/Bogota] ✓ Conexión exitosa a MySQL
[10-Nov-2025 09:37:58 America/Bogota] ✓ Conexión exitosa a MySQL
[10-Nov-2025 09:38:00 America/Bogota] ✓ Conexión exitosa a MySQL
[10-Nov-2025 09:38:00 America/Bogota] ✓ Conexión exitosa a MySQL
[10-Nov-2025 09:38:00 America/Bogota] ✓ Conexión exitosa a MySQL
[10-Nov-2025 09:38:12 America/Bogota] ✓ Conexión exitosa a MySQL
[10-Nov-2025 09:38:30 America/Bogota] ✓ Conexión exitosa a MySQL
[10-Nov-2025 09:47:18 America/Bogota] ✓ Conexión exitosa a MySQL
[10-Nov-2025 09:47:20 America/Bogota] ✓ Conexión exitosa a MySQL
[10-Nov-2025 09:47:20 America/Bogota] ✓ Conexión exitosa a MySQL
[10-Nov-2025 09:47:29 America/Bogota] ✓ Conexión exitosa a MySQL
[10-Nov-2025 09:47:29 America/Bogota] ✓ Conexión exitosa a MySQL
[10-Nov-2025 09:47:29 America/Bogota] ✓ Conexión exitosa a MySQL
[10-Nov-2025 09:47:29 America/Bogota] ✓ Conexión exitosa a MySQL
[10-Nov-2025 09:47:30 America/Bogota] ✓ Conexión exitosa a MySQL
[10-Nov-2025 09:47:30 America/Bogota] ✓ Conexión exitosa a MySQL
[10-Nov-2025 09:47:30 America/Bogota] ✓ Conexión exitosa a MySQL
[10-Nov-2025 09:51:10 America/Bogota] ✓ Conexión exitosa a MySQL
[10-Nov-2025 09:51:11 America/Bogota] ✓ Conexión exitosa a MySQL
[10-Nov-2025 09:51:11 America/Bogota] ✓ Conexión exitosa a MySQL
[10-Nov-2025 09:51:13 America/Bogota] ✓ Conexión exitosa a MySQL
[10-Nov-2025 09:51:13 America/Bogota] ✓ Conexión exitosa a MySQL
[10-Nov-2025 09:51:13 America/Bogota] ✓ Conexión exitosa a MySQL
[10-Nov-2025 09:51:13 America/Bogota] ✓ Conexión exitosa a MySQL
[10-Nov-2025 09:51:13 America/Bogota] ✓ Conexión exitosa a MySQL
[10-Nov-2025 09:51:16 America/Bogota] ✓ Conexión exitosa a MySQL
[10-Nov-2025 09:51:25 America/Bogota] ✓ Conexión exitosa a MySQL
[16-Nov-2025 23:48:34 America/Bogota] ✓ Conexión exitosa a MySQL
[16-Nov-2025 23:48:41 America/Bogota] ✓ Conexión exitosa a MySQL
[16-Nov-2025 23:48:41 America/Bogota] ✓ Conexión exitosa a MySQL
[16-Nov-2025 23:48:41 America/Bogota] ✓ Conexión exitosa a MySQL
[16-Nov-2025 23:48:48 America/Bogota] ✓ Conexión exitosa a MySQL
[16-Nov-2025 23:48:48 America/Bogota] ✓ Conexión exitosa a MySQL
[16-Nov-2025 23:48:48 America/Bogota] ✓ Conexión exitosa a MySQL
[16-Nov-2025 23:48:48 America/Bogota] ✓ Conexión exitosa a MySQL
[16-Nov-2025 23:48:49 America/Bogota] ✓ Conexión exitosa a MySQL
[16-Nov-2025 23:48:49 America/Bogota] ✓ Conexión exitosa a MySQL
[16-Nov-2025 23:48:49 America/Bogota] ✓ Conexión exitosa a MySQL
[22-Nov-2025 18:04:53 America/Bogota] ✓ Conexión exitosa a MySQL
[22-Nov-2025 18:04:55 America/Bogota] ✓ Conexión exitosa a MySQL
[22-Nov-2025 18:04:55 America/Bogota] ✓ Conexión exitosa a MySQL
[22-Nov-2025 18:05:00 America/Bogota] ✓ Conexión exitosa a MySQL
[22-Nov-2025 18:05:00 America/Bogota] ✓ Conexión exitosa a MySQL
[22-Nov-2025 18:05:00 America/Bogota] ✓ Conexión exitosa a MySQL
[22-Nov-2025 18:05:00 America/Bogota] ✓ Conexión exitosa a MySQL
[22-Nov-2025 18:05:00 America/Bogota] ✓ Conexión exitosa a MySQL
[22-Nov-2025 18:05:17 America/Bogota] ✓ Conexión exitosa a MySQL
